app/build/intermediates/manifest_merge_blame_file/debug/processDebugMainManifest/manifest-merger-blame-debug-report.txt
1<?xml version="1.0" encoding="utf-8"?>
2<manifest xmlns:android="http://schemas.android.com/apk/res/android"
3    package="com.example.zadanie1"
4    android:versionCode="1"
5    android:versionName="1.0" >
6
7    <uses-sdk
8        android:minSdkVersion="24"
9        android:targetSdkVersion="36" />
10
11    <uses-permission android:name="android.permission.MODIFY_AUDIO_SETTINGS" />
11-->src\main\AndroidManifest.xml:5:5-80
11-->src\main\AndroidManifest.xml:5:22-77
12    <uses-permission android:name="android.permission.INTERNET" />
12-->[com.pierfrancescosoffritti.androidyoutubeplayer:core:12.1.1] AndroidManifest.xml:7:5-67
12-->[com.pierfrancescosoffritti.androidyoutubeplayer:core:12.1.1] AndroidManifest.xml:7:22-64
13    <uses-permission android:name="android.permission.ACCESS_NETWORK_STATE" />
13-->[com.pierfrancescosoffritti.androidyoutubeplayer:core:12.1.1] AndroidManifest.xml:8:5-79
13-->[com.pierfrancescosoffritti.androidyoutubeplayer:core:12.1.1] AndroidManifest.xml:8:22-76
14
15    <permission
15-->[androidx.core:core:1.9.0] AndroidManifest.xml:22:5-24:47
16        android:name="com.example.zadanie1.DYNAMIC_RECEIVER_NOT_EXPORTED_PERMISSION"
16-->[androidx.core:core:1.9.0] AndroidManifest.xml:23:9-81
17        android:protectionLevel="signature" />
17-->[androidx.core:core:1.9.0] AndroidManifest.xml:24:9-44
18
19    <uses-permission android:name="com.example.zadanie1.DYNAMIC_RECEIVER_NOT_EXPORTED_PERMISSION" />
19-->[androidx.core:core:1.9.0] AndroidManifest.xml:26:5-97
19-->[androidx.core:core:1.9.0] AndroidManifest.xml:26:22-94
20
21    <application
21-->src\main\AndroidManifest.xml:7:5-39:19
22        android:allowBackup="true"
22-->src\main\AndroidManifest.xml:8:9-35
23        android:appComponentFactory="androidx.core.app.CoreComponentFactory"
23-->[androidx.core:core:1.9.0] AndroidManifest.xml:28:18-86
24        android:dataExtractionRules="@xml/data_extraction_rules"
24-->src\main\AndroidManifest.xml:9:9-65
25        android:debuggable="true"
26        android:extractNativeLibs="false"
27        android:fullBackupContent="@xml/backup_rules"
27-->src\main\AndroidManifest.xml:10:9-54
28        android:icon="@mipmap/ic_launcher"
28-->src\main\AndroidManifest.xml:11:9-43
29        android:label="@string/app_name"
29-->src\main\AndroidManifest.xml:12:9-41
30        android:roundIcon="@mipmap/ic_launcher_round"
30-->src\main\AndroidManifest.xml:13:9-54
31        android:supportsRtl="true"
31-->src\main\AndroidManifest.xml:14:9-35
32        android:testOnly="true"
33        android:theme="@style/Theme.Zadanie1" >
33-->src\main\AndroidManifest.xml:15:9-46
34        <activity
34-->src\main\AndroidManifest.xml:17:9-19:40
35            android:name="com.example.zadanie1.VideoActivity"
35-->src\main\AndroidManifest.xml:18:13-42
36            android:exported="false" />
36-->src\main\AndroidManifest.xml:19:13-37
37        <activity
37-->src\main\AndroidManifest.xml:21:9-23:40
38            android:name="com.example.zadanie1.RecipeListActivity"
38-->src\main\AndroidManifest.xml:22:13-47
39            android:exported="false" />
39-->src\main\AndroidManifest.xml:23:13-37
40        <activity
40-->src\main\AndroidManifest.xml:25:9-27:40
41            android:name="com.example.zadanie1.RecipeDetailActivity"
41-->src\main\AndroidManifest.xml:26:13-49
42            android:exported="false" />
42-->src\main\AndroidManifest.xml:27:13-37
43        <activity
43-->src\main\AndroidManifest.xml:29:9-37:20
44            android:name="com.example.zadanie1.MainActivity"
44-->src\main\AndroidManifest.xml:30:13-41
45            android:exported="true" >
45-->src\main\AndroidManifest.xml:31:13-36
46            <intent-filter>
46-->src\main\AndroidManifest.xml:32:13-36:29
47                <action android:name="android.intent.action.MAIN" />
47-->src\main\AndroidManifest.xml:33:17-69
47-->src\main\AndroidManifest.xml:33:25-66
48
49                <category android:name="android.intent.category.LAUNCHER" />
49-->src\main\AndroidManifest.xml:35:17-77
49-->src\main\AndroidManifest.xml:35:27-74
50            </intent-filter>
51        </activity>
52
53        <provider
53-->[androidx.emoji2:emoji2:1.2.0] AndroidManifest.xml:24:9-32:20
54            android:name="androidx.startup.InitializationProvider"
54-->[androidx.emoji2:emoji2:1.2.0] AndroidManifest.xml:25:13-67
55            android:authorities="com.example.zadanie1.androidx-startup"
55-->[androidx.emoji2:emoji2:1.2.0] AndroidManifest.xml:26:13-68
56            android:exported="false" >
56-->[androidx.emoji2:emoji2:1.2.0] AndroidManifest.xml:27:13-37
57            <meta-data
57-->[androidx.emoji2:emoji2:1.2.0] AndroidManifest.xml:29:13-31:52
58                android:name="androidx.emoji2.text.EmojiCompatInitializer"
58-->[androidx.emoji2:emoji2:1.2.0] AndroidManifest.xml:30:17-75
59                android:value="androidx.startup" />
59-->[androidx.emoji2:emoji2:1.2.0] AndroidManifest.xml:31:17-49
60            <meta-data
60-->[androidx.lifecycle:lifecycle-process:2.6.1] AndroidManifest.xml:29:13-31:52
61                android:name="androidx.lifecycle.ProcessLifecycleInitializer"
61-->[androidx.lifecycle:lifecycle-process:2.6.1] AndroidManifest.xml:30:17-78
62                android:value="androidx.startup" />
62-->[androidx.lifecycle:lifecycle-process:2.6.1] AndroidManifest.xml:31:17-49
63            <meta-data
63-->[androidx.profileinstaller:profileinstaller:1.3.0] AndroidManifest.xml:29:13-31:52
64                android:name="androidx.profileinstaller.ProfileInstallerInitializer"
64-->[androidx.profileinstaller:profileinstaller:1.3.0] AndroidManifest.xml:30:17-85
65                android:value="androidx.startup" />
65-->[androidx.profileinstaller:profileinstaller:1.3.0] AndroidManifest.xml:31:17-49
66        </provider>
67
68        <receiver
68-->[androidx.profileinstaller:profileinstaller:1.3.0] AndroidManifest.xml:34:9-52:20
69            android:name="androidx.profileinstaller.ProfileInstallReceiver"
69-->[androidx.profileinstaller:profileinstaller:1.3.0] AndroidManifest.xml:35:13-76
70            android:directBootAware="false"
70-->[androidx.profileinstaller:profileinstaller:1.3.0] AndroidManifest.xml:36:13-44
71            android:enabled="true"
71-->[androidx.profileinstaller:profileinstaller:1.3.0] AndroidManifest.xml:37:13-35
72            android:exported="true"
72-->[androidx.profileinstaller:profileinstaller:1.3.0] AndroidManifest.xml:38:13-36
73            android:permission="android.permission.DUMP" >
73-->[androidx.profileinstaller:profileinstaller:1.3.0] AndroidManifest.xml:39:13-57
74            <intent-filter>
74-->[androidx.profileinstaller:profileinstaller:1.3.0] AndroidManifest.xml:40:13-42:29
75                <action android:name="androidx.profileinstaller.action.INSTALL_PROFILE" />
75-->[androidx.profileinstaller:profileinstaller:1.3.0] AndroidManifest.xml:41:17-91
75-->[androidx.profileinstaller:profileinstaller:1.3.0] AndroidManifest.xml:41:25-88
76            </intent-filter>
77            <intent-filter>
77-->[androidx.profileinstaller:profileinstaller:1.3.0] AndroidManifest.xml:43:13-45:29
78                <action android:name="androidx.profileinstaller.action.SKIP_FILE" />
78-->[androidx.profileinstaller:profileinstaller:1.3.0] AndroidManifest.xml:44:17-85
78-->[androidx.profileinstaller:profileinstaller:1.3.0] AndroidManifest.xml:44:25-82
79            </intent-filter>
80            <intent-filter>
80-->[androidx.profileinstaller:profileinstaller:1.3.0] AndroidManifest.xml:46:13-48:29
81                <action android:name="androidx.profileinstaller.action.SAVE_PROFILE" />
81-->[androidx.profileinstaller:profileinstaller:1.3.0] AndroidManifest.xml:47:17-88
81-->[androidx.profileinstaller:profileinstaller:1.3.0] AndroidManifest.xml:47:25-85
82            </intent-filter>
83            <intent-filter>
83-->[androidx.profileinstaller:profileinstaller:1.3.0] AndroidManifest.xml:49:13-51:29
84                <action android:name="androidx.profileinstaller.action.BENCHMARK_OPERATION" />
84-->[androidx.profileinstaller:profileinstaller:1.3.0] AndroidManifest.xml:50:17-95
84-->[androidx.profileinstaller:profileinstaller:1.3.0] AndroidManifest.xml:50:25-92
85            </intent-filter>
86        </receiver>
87    </application>
88
89</manifest>